This is pdfTeX, Version 3.14159265-2.6-1.40.18 (TeX Live 2017/Arch Linux) (preloaded format=pdflatex 2017.11.30)  28 FEB 2018 16:13
entering extended mode
 restricted \write18 enabled.
 file:line:error style messages enabled.
 %&-line parsing enabled.
**extesi.tex
(./extesi.tex
LaTeX2e <2017-04-15>
Babel <3.15> and hyphenation patterns for 84 language(s) loaded.
(/usr/share/texmf-dist/tex/latex/base/report.cls
Document Class: report 2014/09/29 v1.4h Standard LaTeX document class
(/usr/share/texmf-dist/tex/latex/base/size12.clo
File: size12.clo 2014/09/29 v1.4h Standard LaTeX file (size option)
)
\c@part=\count79
\c@chapter=\count80
\c@section=\count81
\c@subsection=\count82
\c@subsubsection=\count83
\c@paragraph=\count84
\c@subparagraph=\count85
\c@figure=\count86
\c@table=\count87
\abovecaptionskip=\skip41
\belowcaptionskip=\skip42
\bibindent=\dimen102
) (/usr/share/texmf-dist/tex/generic/babel/babel.sty
Package: babel 2017/11/03 3.15 The Babel package
 (/usr/share/texmf-dist/tex/generic/babel/switch.def
File: switch.def 2017/11/03 3.15 Babel switching mechanism
) (/usr/share/texmf-dist/tex/generic/babel-italian/italian.ldf
Language: italian 2015/03/26 v1.3n Italian support from the babel system
 (/usr/share/texmf-dist/tex/generic/babel/babel.def
File: babel.def 2017/11/03 3.15 Babel common definitions
 (/usr/share/texmf-dist/tex/generic/babel/switch.def
File: switch.def 2017/11/03 3.15 Babel switching mechanism
)
\babel@savecnt=\count88
\U@D=\dimen103
)
\it@lettering=\count89
\it@doublequoteactive=\count90
\it@ISOcompliance=\count91
)) (/usr/share/texmf-dist/tex/latex/etoolbox/etoolbox.sty
Package: etoolbox 2017/01/02 v2.4 e-TeX tools for LaTeX (JAW)
\etb@tempcnta=\count92
) (/usr/share/texmf-dist/tex/latex/listings/listings.sty (/usr/share/texmf-dist/tex/latex/graphics/keyval.sty
Package: keyval 2014/10/28 v1.15 key=value parser (DPC)
\KV@toks@=\toks14
)
\lst@mode=\count93
\lst@gtempboxa=\box26
\lst@token=\toks15
\lst@length=\count94
\lst@currlwidth=\dimen104
\lst@column=\count95
\lst@pos=\count96
\lst@lostspace=\dimen105
\lst@width=\dimen106
\lst@newlines=\count97
\lst@lineno=\count98
\lst@maxwidth=\dimen107
 (/usr/share/texmf-dist/tex/latex/listings/lstmisc.sty
File: lstmisc.sty 2015/06/04 1.6 (Carsten Heinz)
\c@lstnumber=\count99
\lst@skipnumbers=\count100
\lst@framebox=\box27
) (/usr/share/texmf-dist/tex/latex/listings/listings.cfg
File: listings.cfg 2015/06/04 1.6 listings configuration
))
Package: listings 2015/06/04 1.6 (Carsten Heinz)
 (/usr/share/texmf-dist/tex/latex/base/inputenc.sty
Package: inputenc 2015/03/17 v1.2c Input encoding file
\inpenc@prehook=\toks16
\inpenc@posthook=\toks17
 (/usr/share/texmf-dist/tex/latex/base/latin1.def
File: latin1.def 2015/03/17 v1.2c Input encoding file
)) (/usr/share/texmf-dist/tex/latex/fancyhdr/fancyhdr.sty
Package: fancyhdr 2017/06/30 v3.9a Extensive control of page headers and footers
\f@nch@headwidth=\skip43
\f@nch@O@elh=\skip44
\f@nch@O@erh=\skip45
\f@nch@O@olh=\skip46
\f@nch@O@orh=\skip47
\f@nch@O@elf=\skip48
\f@nch@O@erf=\skip49
\f@nch@O@olf=\skip50
\f@nch@O@orf=\skip51
) (/usr/share/texmf-dist/tex/latex/tools/indentfirst.sty
Package: indentfirst 1995/11/23 v1.03 Indent first paragraph (DPC)
) (/usr/share/texmf-dist/tex/latex/graphics/graphicx.sty
Package: graphicx 2017/06/01 v1.1a Enhanced LaTeX Graphics (DPC,SPQR)
 (/usr/share/texmf-dist/tex/latex/graphics/graphics.sty
Package: graphics 2017/06/25 v1.2c Standard LaTeX Graphics (DPC,SPQR)
 (/usr/share/texmf-dist/tex/latex/graphics/trig.sty
Package: trig 2016/01/03 v1.10 sin cos tan (DPC)
)
(/usr/share/texmf-dist/tex/latex/graphics-cfg/graphics.cfg
File: graphics.cfg 2016/06/04 v1.11 sample graphics configuration
)
Package graphics Info: Driver file: pdftex.def on input line 99.
 (/usr/share/texmf-dist/tex/latex/graphics-def/pdftex.def
File: pdftex.def 2017/06/24 v1.0g Graphics/color driver for pdftex
))
\Gin@req@height=\dimen108
\Gin@req@width=\dimen109
) (/usr/share/texmf-dist/tex/latex/base/newlfont.sty
Package: newlfont 1998/08/17 v2.2m Standard LaTeX package
LaTeX Info: Redefining \em on input line 57.
 (/usr/share/texmf-dist/tex/latex/base/latexsym.sty
Package: latexsym 1998/08/17 v2.2e Standard LaTeX package (lasy symbols)
\symlasy=\mathgroup4
LaTeX Font Info:    Overwriting symbol font `lasy' in version `bold'
(Font)                  U/lasy/m/n --> U/lasy/b/n on input line 52.
)) (/usr/share/texmf-dist/tex/latex/amsfonts/amssymb.sty
Package: amssymb 2013/01/14 v3.01 AMS font symbols
 (/usr/share/texmf-dist/tex/latex/amsfonts/amsfonts.sty
Package: amsfonts 2013/01/14 v3.01 Basic AMSFonts support
\@emptytoks=\toks18
\symAMSa=\mathgroup5
\symAMSb=\mathgroup6
LaTeX Font Info:    Overwriting math alphabet `\mathfrak' in version `bold'
(Font)                  U/euf/m/n --> U/euf/b/n on input line 106.
)) (/usr/share/texmf-dist/tex/latex/mathtools/mathtools.sty
Package: mathtools 2017/10/30 v1.20 mathematical typesetting tools
 (/usr/share/texmf-dist/tex/latex/tools/calc.sty
Package: calc 2014/10/28 v4.3 Infix arithmetic (KKT,FJ)
\calc@Acount=\count101
\calc@Bcount=\count102
\calc@Adimen=\dimen110
\calc@Bdimen=\dimen111
\calc@Askip=\skip52
\calc@Bskip=\skip53
LaTeX Info: Redefining \setlength on input line 80.
LaTeX Info: Redefining \addtolength on input line 81.
\calc@Ccount=\count103
\calc@Cskip=\skip54
) (/usr/share/texmf-dist/tex/latex/mathtools/mhsetup.sty
Package: mhsetup 2017/03/31 v1.3 programming setup (MH)
) (/usr/share/texmf-dist/tex/latex/amsmath/amsmath.sty
Package: amsmath 2017/09/02 v2.17a AMS math features
\@mathmargin=\skip55

For additional information on amsmath, use the `?' option.
(/usr/share/texmf-dist/tex/latex/amsmath/amstext.sty
Package: amstext 2000/06/29 v2.01 AMS text
 (/usr/share/texmf-dist/tex/latex/amsmath/amsgen.sty
File: amsgen.sty 1999/11/30 v2.0 generic functions
\@emptytoks=\toks19
\ex@=\dimen112
)) (/usr/share/texmf-dist/tex/latex/amsmath/amsbsy.sty
Package: amsbsy 1999/11/29 v1.2d Bold Symbols
\pmbraise@=\dimen113
) (/usr/share/texmf-dist/tex/latex/amsmath/amsopn.sty
Package: amsopn 2016/03/08 v2.02 operator names
)
\inf@bad=\count104
LaTeX Info: Redefining \frac on input line 213.
\uproot@=\count105
\leftroot@=\count106
LaTeX Info: Redefining \overline on input line 375.
\classnum@=\count107
\DOTSCASE@=\count108
LaTeX Info: Redefining \ldots on input line 472.
LaTeX Info: Redefining \dots on input line 475.
LaTeX Info: Redefining \cdots on input line 596.
\Mathstrutbox@=\box28
\strutbox@=\box29
\big@size=\dimen114
LaTeX Font Info:    Redeclaring font encoding OML on input line 712.
LaTeX Font Info:    Redeclaring font encoding OMS on input line 713.
\macc@depth=\count109
\c@MaxMatrixCols=\count110
\dotsspace@=\muskip10
\c@parentequation=\count111
\dspbrk@lvl=\count112
\tag@help=\toks20
\row@=\count113
\column@=\count114
\maxfields@=\count115
\andhelp@=\toks21
\eqnshift@=\dimen115
\alignsep@=\dimen116
\tagshift@=\dimen117
\tagwidth@=\dimen118
\totwidth@=\dimen119
\lineht@=\dimen120
\@envbody=\toks22
\multlinegap=\skip56
\multlinetaggap=\skip57
\mathdisplay@stack=\toks23
LaTeX Info: Redefining \[ on input line 2817.
LaTeX Info: Redefining \] on input line 2818.
)
LaTeX Info: Thecontrolsequence`\('isalreadyrobust on input line 129.
LaTeX Info: Thecontrolsequence`\)'isalreadyrobust on input line 129.
LaTeX Info: Thecontrolsequence`\['isalreadyrobust on input line 129.
LaTeX Info: Thecontrolsequence`\]'isalreadyrobust on input line 129.
\g_MT_multlinerow_int=\count116
\l_MT_multwidth_dim=\dimen121
\origjot=\skip58
\l_MT_shortvdotswithinadjustabove_dim=\dimen122
\l_MT_shortvdotswithinadjustbelow_dim=\dimen123
\l_MT_above_intertext_sep=\dimen124
\l_MT_below_intertext_sep=\dimen125
\l_MT_above_shortintertext_sep=\dimen126
\l_MT_below_shortintertext_sep=\dimen127
) (/usr/share/texmf-dist/tex/latex/amscls/amsthm.sty
Package: amsthm 2015/03/04 v2.20.2
\thm@style=\toks24
\thm@bodyfont=\toks25
\thm@headfont=\toks26
\thm@notefont=\toks27
\thm@headpunct=\toks28
\thm@preskip=\skip59
\thm@postskip=\skip60
\thm@headsep=\skip61
\dth@everypar=\toks29
) (./extesi.aux

LaTeX Warning: Label `' multiply defined.


LaTeX Warning: Label `' multiply defined.


LaTeX Warning: Label `' multiply defined.


LaTeX Warning: Label `' multiply defined.


LaTeX Warning: Label `' multiply defined.


LaTeX Warning: Label `' multiply defined.


LaTeX Warning: Label `' multiply defined.


LaTeX Warning: Label `' multiply defined.


LaTeX Warning: Label `' multiply defined.


LaTeX Warning: Label `' multiply defined.


LaTeX Warning: Label `' multiply defined.


LaTeX Warning: Label `' multiply defined.


LaTeX Warning: Label `' multiply defined.


LaTeX Warning: Label `' multiply defined.


LaTeX Warning: Label `' multiply defined.


LaTeX Warning: Label `' multiply defined.


LaTeX Warning: Label `S1' multiply defined.

)
\openout1 = `extesi.aux'.

LaTeX Font Info:    Checking defaults for OML/cmm/m/it on input line 65.
LaTeX Font Info:    ... okay on input line 65.
LaTeX Font Info:    Checking defaults for T1/cmr/m/n on input line 65.
LaTeX Font Info:    ... okay on input line 65.
LaTeX Font Info:    Checking defaults for OT1/cmr/m/n on input line 65.
LaTeX Font Info:    ... okay on input line 65.
LaTeX Font Info:    Checking defaults for OMS/cmsy/m/n on input line 65.
LaTeX Font Info:    ... okay on input line 65.
LaTeX Font Info:    Checking defaults for OMX/cmex/m/n on input line 65.
LaTeX Font Info:    ... okay on input line 65.
LaTeX Font Info:    Checking defaults for U/cmr/m/n on input line 65.
LaTeX Font Info:    ... okay on input line 65.
LaTeX Info: Redefining \it@ocap on input line 65.
LaTeX Info: Redefining \it@ccap on input line 65.


File italian.ldf warning: 
italian.ldf    With OT1 encoding guillemets are poorly faked
italian.ldf    Use T1 encoding
italian.ldf    or specify a font with command \CaporaliFrom
italian.ldf    See the documentation concerning the babel-italian typesetting 
italian.ldf    on input line 65.

\c@lstlisting=\count117
(/usr/share/texmf-dist/tex/context/base/mkii/supp-pdf.mkii
[Loading MPS to PDF converter (version 2006.09.02).]
\scratchcounter=\count118
\scratchdimen=\dimen128
\scratchbox=\box30
\nofMPsegments=\count119
\nofMParguments=\count120
\everyMPshowfont=\toks30
\MPscratchCnt=\count121
\MPscratchDim=\dimen129
\MPnumerator=\count122
\makeMPintoPDFobject=\count123
\everyMPtoPDFconversion=\toks31
) (/usr/share/texmf-dist/tex/latex/oberdiek/epstopdf-base.sty
Package: epstopdf-base 2016/05/15 v2.6 Base part for package epstopdf
 (/usr/share/texmf-dist/tex/generic/oberdiek/infwarerr.sty
Package: infwarerr 2016/05/16 v1.4 Providing info/warning/error messages (HO)
) (/usr/share/texmf-dist/tex/latex/oberdiek/grfext.sty
Package: grfext 2016/05/16 v1.2 Manage graphics extensions (HO)
 (/usr/share/texmf-dist/tex/generic/oberdiek/kvdefinekeys.sty
Package: kvdefinekeys 2016/05/16 v1.4 Define keys (HO)
 (/usr/share/texmf-dist/tex/generic/oberdiek/ltxcmds.sty
Package: ltxcmds 2016/05/16 v1.23 LaTeX kernel commands for general use (HO)
))) (/usr/share/texmf-dist/tex/latex/oberdiek/kvoptions.sty
Package: kvoptions 2016/05/16 v3.12 Key value format for package options (HO)
 (/usr/share/texmf-dist/tex/generic/oberdiek/kvsetkeys.sty
Package: kvsetkeys 2016/05/16 v1.17 Key value parser (HO)
 (/usr/share/texmf-dist/tex/generic/oberdiek/etexcmds.sty
Package: etexcmds 2016/05/16 v1.6 Avoid name clashes with e-TeX commands (HO)
 (/usr/share/texmf-dist/tex/generic/oberdiek/ifluatex.sty
Package: ifluatex 2016/05/16 v1.4 Provides the ifluatex switch (HO)
Package ifluatex Info: LuaTeX not detected.
)
Package etexcmds Info: Could not find \expanded.
(etexcmds)             That can mean that you are not using pdfTeX 1.50 or
(etexcmds)             that some package has redefined \expanded.
(etexcmds)             In the latter case, load this package earlier.
))) (/usr/share/texmf-dist/tex/generic/oberdiek/pdftexcmds.sty
Package: pdftexcmds 2017/03/19 v0.25 Utility functions of pdfTeX for LuaTeX (HO)
 (/usr/share/texmf-dist/tex/generic/oberdiek/ifpdf.sty
Package: ifpdf 2017/03/15 v3.2 Provides the ifpdf switch
)
Package pdftexcmds Info: LuaTeX not detected.
Package pdftexcmds Info: \pdf@primitive is available.
Package pdftexcmds Info: \pdf@ifprimitive is available.
Package pdftexcmds Info: \pdfdraftmode found.
)
Package epstopdf-base Info: Redefining graphics rule for `.eps' on input line 438.
Package grfext Info: Graphics extension search list:
(grfext)             [.pdf,.png,.jpg,.mps,.jpeg,.jbig2,.jb2,.PDF,.PNG,.JPG,.JPEG,.JBIG2,.JB2,.eps]
(grfext)             \AppendGraphicsExtensions on input line 456.
 (/usr/share/texmf-dist/tex/latex/latexconfig/epstopdf-sys.cfg
File: epstopdf-sys.cfg 2010/07/13 v1.3 Configuration of (r)epstopdf for TeX Live
)) [1

{/var/lib/texmf/fonts/map/pdftex/updmap/pdftex.map}] [2


] [1

] [2


] (./extesi.toc
LaTeX Font Info:    Try loading font information for U+lasy on input line 5.
 (/usr/share/texmf-dist/tex/latex/base/ulasy.fd
File: ulasy.fd 1998/08/17 v2.2e LaTeX symbol font definitions
)
LaTeX Font Info:    Try loading font information for U+msa on input line 5.
 (/usr/share/texmf-dist/tex/latex/amsfonts/umsa.fd
File: umsa.fd 2013/01/14 v3.01 AMS symbols A
)
LaTeX Font Info:    Try loading font information for U+msb on input line 5.
 (/usr/share/texmf-dist/tex/latex/amsfonts/umsb.fd
File: umsb.fd 2013/01/14 v3.01 AMS symbols B
) [3

])
\tf@toc=\write3
\openout3 = `extesi.toc'.



Package Fancyhdr Warning: \headheight is too small (12.0pt): 
 Make it at least 14.49998pt.
 We now make it that large for the rest of the document.
 This may cause the page layout to be inconsistent, however.

[4] (./extesi.lof)
\tf@lof=\write4
\openout4 = `extesi.lof'.

 [5



]

Package Fancyhdr Warning: \headheight is too small (12.0pt): 
 Make it at least 14.49998pt.
 We now make it that large for the rest of the document.
 This may cause the page layout to be inconsistent, however.

[6] (./extesi.lot)
\tf@lot=\write5
\openout5 = `extesi.lot'.

 [7



] [8


]
Capitolo 1.

Underfull \vbox (badness 2293) has occurred while \output is active []

 [1

]
LaTeX Font Info:    Try loading font information for OMS+cmr on input line 138.
 (/usr/share/texmf-dist/tex/latex/base/omscmr.fd
File: omscmr.fd 2014/09/29 v2.5h Standard LaTeX font definitions
)
LaTeX Font Info:    Font shape `OMS/cmr/m/n' in size <12> not available
(Font)              Font shape `OMS/cmsy/m/n' tried instead on input line 138.


Package Fancyhdr Warning: \headheight is too small (12.0pt): 
 Make it at least 14.49998pt.
 We now make it that large for the rest of the document.
 This may cause the page layout to be inconsistent, however.

[2]
Underfull \vbox (badness 10000) has occurred while \output is active []



Package Fancyhdr Warning: \headheight is too small (12.0pt): 
 Make it at least 14.49998pt.
 We now make it that large for the rest of the document.
 This may cause the page layout to be inconsistent, however.

[3]
./extesi.tex:228: Too many }'s.
l.228 ...rotocollo {\it }(HTTP, FTP, SSH, ecc...)}
                                                  
You've closed more groups than you opened.
Such booboos are generally harmless, so keep going.


Package Fancyhdr Warning: \headheight is too small (12.0pt): 
 Make it at least 14.49998pt.
 We now make it that large for the rest of the document.
 This may cause the page layout to be inconsistent, however.

[4]
<images/suricata-structure.png, id=51, 558.085pt x 327.2225pt>
File: images/suricata-structure.png Graphic file (type png)
<use images/suricata-structure.png>
Package pdftex.def Info: images/suricata-structure.png  used on input line 262. on input line 262.
Package pdftex.def Info: Requested size: 256.0748pt x 150.14969pt on input line 262.


Package Fancyhdr Warning: \headheight is too small (12.0pt): 
 Make it at least 14.49998pt.
 We now make it that large for the rest of the document.
 This may cause the page layout to be inconsistent, however.

[5]

Package Fancyhdr Warning: \headheight is too small (12.0pt): 
 Make it at least 14.49998pt.
 We now make it that large for the rest of the document.
 This may cause the page layout to be inconsistent, however.

[6 <./images/suricata-structure.png (PNG copy)>]

Package Fancyhdr Warning: \headheight is too small (12.0pt): 
 Make it at least 14.49998pt.
 We now make it that large for the rest of the document.
 This may cause the page layout to be inconsistent, however.

[7]

Package Fancyhdr Warning: \headheight is too small (12.0pt): 
 Make it at least 14.49998pt.
 We now make it that large for the rest of the document.
 This may cause the page layout to be inconsistent, however.

[8]

Package Fancyhdr Warning: \headheight is too small (12.0pt): 
 Make it at least 14.49998pt.
 We now make it that large for the rest of the document.
 This may cause the page layout to be inconsistent, however.

[9]
<images/sflow-datagram.png, id=69, 745.78625pt x 391.4625pt>
File: images/sflow-datagram.png Graphic file (type png)
<use images/sflow-datagram.png>
Package pdftex.def Info: images/sflow-datagram.png  used on input line 380. on input line 380.
Package pdftex.def Info: Requested size: 256.0748pt x 134.40959pt on input line 380.


Package Fancyhdr Warning: \headheight is too small (12.0pt): 
 Make it at least 14.49998pt.
 We now make it that large for the rest of the document.
 This may cause the page layout to be inconsistent, however.

[10 <./images/sflow-datagram.png (PNG copy)>]

Package Fancyhdr Warning: \headheight is too small (12.0pt): 
 Make it at least 14.49998pt.
 We now make it that large for the rest of the document.
 This may cause the page layout to be inconsistent, however.

[11]
<images/netflow.png, id=79, 975.645pt x 71.26625pt>
File: images/netflow.png Graphic file (type png)
<use images/netflow.png>
Package pdftex.def Info: images/netflow.png  used on input line 473. on input line 473.
Package pdftex.def Info: Requested size: 390.0pt x 28.48749pt on input line 473.


LaTeX Warning: `!h' float specifier changed to `!ht'.


Package Fancyhdr Warning: \headheight is too small (12.0pt): 
 Make it at least 14.49998pt.
 We now make it that large for the rest of the document.
 This may cause the page layout to be inconsistent, however.

[12]

Package Fancyhdr Warning: \headheight is too small (12.0pt): 
 Make it at least 14.49998pt.
 We now make it that large for the rest of the document.
 This may cause the page layout to be inconsistent, however.

[13 <./images/netflow.png (PNG copy)>]

Package Fancyhdr Warning: \headheight is too small (12.0pt): 
 Make it at least 14.49998pt.
 We now make it that large for the rest of the document.
 This may cause the page layout to be inconsistent, however.

[14]
Underfull \vbox (badness 10000) has occurred while \output is active []



Package Fancyhdr Warning: \headheight is too small (12.0pt): 
 Make it at least 14.49998pt.
 We now make it that large for the rest of the document.
 This may cause the page layout to be inconsistent, however.

[15]

Package Fancyhdr Warning: \headheight is too small (12.0pt): 
 Make it at least 14.49998pt.
 We now make it that large for the rest of the document.
 This may cause the page layout to be inconsistent, however.

[16]
./extesi.tex:590: You can't use `macro parameter character #' in horizontal mode.
l.590 ...iciali sono disponibili in Java,. NET (C#
                                                  ), PHP, Python, Apache Gro...
Sorry, but I'm not programmed to handle this case;
I'll just pretend that you didn't ask for it.
If you're in the wrong mode, you might be able to
return to the right one by typing `I}' or `I$' or `I\par'.


Package Fancyhdr Warning: \headheight is too small (12.0pt): 
 Make it at least 14.49998pt.
 We now make it that large for the rest of the document.
 This may cause the page layout to be inconsistent, however.

[17]
<images/ELK-stack.png, id=99, 750.805pt x 201.75375pt>
File: images/ELK-stack.png Graphic file (type png)
<use images/ELK-stack.png>
Package pdftex.def Info: images/ELK-stack.png  used on input line 623. on input line 623.
Package pdftex.def Info: Requested size: 256.0748pt x 68.81085pt on input line 623.


Package Fancyhdr Warning: \headheight is too small (12.0pt): 
 Make it at least 14.49998pt.
 We now make it that large for the rest of the document.
 This may cause the page layout to be inconsistent, however.

[18 <./images/ELK-stack.png (PNG copy)>]
Capitolo 2.

Underfull \vbox (badness 2293) has occurred while \output is active []

 [19

]
Underfull \hbox (badness 10000) in paragraph at lines 688--690
\OT1/cmr/m/n/12 mac-chi-ne, tra-mi-te il fi-le
 []


Package Fancyhdr Warning: \headheight is too small (12.0pt): 
 Make it at least 14.49998pt.
 We now make it that large for the rest of the document.
 This may cause the page layout to be inconsistent, however.

[20]

Package Fancyhdr Warning: \headheight is too small (12.0pt): 
 Make it at least 14.49998pt.
 We now make it that large for the rest of the document.
 This may cause the page layout to be inconsistent, however.

[21]
<images/rete.png, id=113, 483.8075pt x 310.15875pt>
File: images/rete.png Graphic file (type png)
<use images/rete.png>
Package pdftex.def Info: images/rete.png  used on input line 735. on input line 735.
Package pdftex.def Info: Requested size: 256.0748pt x 164.17038pt on input line 735.
<images/arch.png, id=115, 746.79pt x 495.8525pt>
File: images/arch.png Graphic file (type png)
<use images/arch.png>
Package pdftex.def Info: images/arch.png  used on input line 752. on input line 752.
Package pdftex.def Info: Requested size: 256.0748pt x 170.02518pt on input line 752.


Package Fancyhdr Warning: \headheight is too small (12.0pt): 
 Make it at least 14.49998pt.
 We now make it that large for the rest of the document.
 This may cause the page layout to be inconsistent, however.

[22 <./images/rete.png>]

Package Fancyhdr Warning: \headheight is too small (12.0pt): 
 Make it at least 14.49998pt.
 We now make it that large for the rest of the document.
 This may cause the page layout to be inconsistent, however.

[23 <./images/arch.png (PNG copy)>]
<images/wireshark.png, id=123, 462.72874pt x 274.02374pt>
File: images/wireshark.png Graphic file (type png)
<use images/wireshark.png>
Package pdftex.def Info: images/wireshark.png  used on input line 813. on input line 813.
Package pdftex.def Info: Requested size: 256.0748pt x 151.64594pt on input line 813.

Overfull \hbox (11.3752pt too wide) in paragraph at lines 831--831
[]  \OT1/cmtt/m/n/12 content:"|cb f5 ab 86 05|"; depth:5; threshold: type threshold,[] 
 []


Package Fancyhdr Warning: \headheight is too small (12.0pt): 
 Make it at least 14.49998pt.
 We now make it that large for the rest of the document.
 This may cause the page layout to be inconsistent, however.

[24]

Package Fancyhdr Warning: \headheight is too small (12.0pt): 
 Make it at least 14.49998pt.
 We now make it that large for the rest of the document.
 This may cause the page layout to be inconsistent, however.

[25 <./images/wireshark.png (PNG copy)>]
Overfull \hbox (6.26569pt too wide) in paragraph at lines 877--879
[][][]\OT1/cmtt/m/n/12 pcap_size.txt[]\OT1/cmr/m/n/12 , [][]\OT1/cmtt/m/n/12 test_info.txt []\OT1/cmr/m/n/12 rap-pre-sen-ta-no ri-spet-ti-va-men-te la quan-
 []


Package Fancyhdr Warning: \headheight is too small (12.0pt): 
 Make it at least 14.49998pt.
 We now make it that large for the rest of the document.
 This may cause the page layout to be inconsistent, however.

[26]
Overfull \hbox (23.7252pt too wide) in paragraph at lines 926--926
[]\OT1/cmtt/m/n/12 sflowtool -p 6343 -t | suricata -c /etc/suricata/suricata.yaml -r -[] 
 []


Package Fancyhdr Warning: \headheight is too small (12.0pt): 
 Make it at least 14.49998pt.
 We now make it that large for the rest of the document.
 This may cause the page layout to be inconsistent, however.

[27]

Package Fancyhdr Warning: \headheight is too small (12.0pt): 
 Make it at least 14.49998pt.
 We now make it that large for the rest of the document.
 This may cause the page layout to be inconsistent, however.

[28]
Overfull \hbox (48.42522pt too wide) in paragraph at lines 993--993
[]\OT1/cmtt/m/n/12 int pcap_loop(pcap_t *p, int cnt, pcap_handler callback, u_char *user);[] 
 []


Package Fancyhdr Warning: \headheight is too small (12.0pt): 
 Make it at least 14.49998pt.
 We now make it that large for the rest of the document.
 This may cause the page layout to be inconsistent, however.

[29]
Overfull \hbox (24.85358pt too wide) in paragraph at lines 1014--1020
\OT1/cmr/m/n/12 miz-za-zio-ne per de-ter-mi-na-re il pac-chet-to de-si-gna-to al cam-pio-na-men-to. Pcap2sFlow
 []


Package Fancyhdr Warning: \headheight is too small (12.0pt): 
 Make it at least 14.49998pt.
 We now make it that large for the rest of the document.
 This may cause the page layout to be inconsistent, however.

[30]
Overfull \hbox (11.3752pt too wide) in paragraph at lines 1061--1061
[]        \OT1/cmtt/m/n/12 //se il pacchetto corrente e` quello designato per essere[] 
 []


Overfull \hbox (13.19124pt too wide) in paragraph at lines 1063--1068
[]\OT1/cmr/m/n/12 Nel te-sto del-l'R-FC 3176 vie-ne det-to che il seed del-la fun-zio-ne [][]\OT1/cmtt/m/n/12 select_random
 []


Overfull \hbox (5.2002pt too wide) in paragraph at lines 1089--1089
[]\OT1/cmtt/m/n/12 void save_packet (cap_stat *s, const struct pcap_pkthdr *header,[] 
 []


Package Fancyhdr Warning: \headheight is too small (12.0pt): 
 Make it at least 14.49998pt.
 We now make it that large for the rest of the document.
 This may cause the page layout to be inconsistent, however.

[31]
Overfull \hbox (17.5502pt too wide) in paragraph at lines 1110--1110
[]\OT1/cmtt/m/n/12 -t      --trunkate-pkts <bytes>    truncate packet size to (bytes)[] 
 []


Overfull \hbox (5.2002pt too wide) in paragraph at lines 1110--1110
[]\OT1/cmtt/m/n/12 -s      --sample-n <N>             sample 1 every N packets seen[] 
 []


Overfull \hbox (11.3752pt too wide) in paragraph at lines 1110--1110
[]\OT1/cmtt/m/n/12 -N      --no-sample                do not sample every N packets,[] 
 []


Package Fancyhdr Warning: \headheight is too small (12.0pt): 
 Make it at least 14.49998pt.
 We now make it that large for the rest of the document.
 This may cause the page layout to be inconsistent, however.

[32]
<images/arch-2.png, id=153, 518.93875pt x 452.69125pt>
File: images/arch-2.png Graphic file (type png)
<use images/arch-2.png>
Package pdftex.def Info: images/arch-2.png  used on input line 1134. on input line 1134.
Package pdftex.def Info: Requested size: 256.0748pt x 223.39555pt on input line 1134.


Package Fancyhdr Warning: \headheight is too small (12.0pt): 
 Make it at least 14.49998pt.
 We now make it that large for the rest of the document.
 This may cause the page layout to be inconsistent, however.

[33]

Package Fancyhdr Warning: \headheight is too small (12.0pt): 
 Make it at least 14.49998pt.
 We now make it that large for the rest of the document.
 This may cause the page layout to be inconsistent, however.

[34 <./images/arch-2.png (PNG copy)>]
Overfull \hbox (29.9002pt too wide) in paragraph at lines 1179--1179
[]\OT1/cmtt/m/n/12 {"timestamp":"1999-03-08T15:48:07.793208-0600","flow_id":3806400292,[] 
 []


Overfull \hbox (11.3752pt too wide) in paragraph at lines 1179--1179
[]\OT1/cmtt/m/n/12 "pcap_cnt":516386,"event_type":"alert","src_ip":"172.16.112.149",[] 
 []


Overfull \hbox (36.07521pt too wide) in paragraph at lines 1179--1179
[]  \OT1/cmtt/m/n/12 "alert":{"action":"allowed","gid":1,"signature_id":2019284,"rev":3,[] 
 []


Overfull \hbox (60.77522pt too wide) in paragraph at lines 1179--1179
[]  \OT1/cmtt/m/n/12 "signature":"ET ATTACK_RESPONSE Output of id command from HTTP server",[] 
 []


Overfull \hbox (36.07521pt too wide) in paragraph at lines 1256--1256
[]          \OT1/cmtt/m/n/12 "properties": { "adaptive_sampling": { "type": "boolean" },[] 
 []


Package Fancyhdr Warning: \headheight is too small (12.0pt): 
 Make it at least 14.49998pt.
 We now make it that large for the rest of the document.
 This may cause the page layout to be inconsistent, however.

[35]
Underfull \vbox (badness 10000) has occurred while \output is active []



Package Fancyhdr Warning: \headheight is too small (12.0pt): 
 Make it at least 14.49998pt.
 We now make it that large for the rest of the document.
 This may cause the page layout to be inconsistent, however.

[36]
Overfull \hbox (29.9002pt too wide) in paragraph at lines 1256--1256
[]              \OT1/cmtt/m/n/12 "format": "yyyy'-'MM'-'dd'T'HH':'mm':'ss'.'SSSSSSZ" },[] 
 []


Package Fancyhdr Warning: \headheight is too small (12.0pt): 
 Make it at least 14.49998pt.
 We now make it that large for the rest of the document.
 This may cause the page layout to be inconsistent, however.

[37]

Package Fancyhdr Warning: \headheight is too small (12.0pt): 
 Make it at least 14.49998pt.
 We now make it that large for the rest of the document.
 This may cause the page layout to be inconsistent, however.

[38]
Overfull \hbox (54.60022pt too wide) in paragraph at lines 1335--1335
[]\OT1/cmtt/m/n/12 SFLOWUUID=`ovs-vsctl create sFlow agent=eth0 target=\"10.0.0.50:6343\" \[] 
 []


Package Fancyhdr Warning: \headheight is too small (12.0pt): 
 Make it at least 14.49998pt.
 We now make it that large for the rest of the document.
 This may cause the page layout to be inconsistent, however.

[39]
Overfull \hbox (11.3752pt too wide) in paragraph at lines 1426--1426
[]    \OT1/cmtt/m/n/12 char blacklist_filename [4096] = "/tmp/pcap2sflow-blacklist";[] 
 []


Overfull \hbox (85.47523pt too wide) in paragraph at lines 1426--1426
[]        \OT1/cmtt/m/n/12 //reads all the lines and add them to the hashtable of blacklisted ip[] 
 []


Package Fancyhdr Warning: \headheight is too small (12.0pt): 
 Make it at least 14.49998pt.
 We now make it that large for the rest of the document.
 This may cause the page layout to be inconsistent, however.

[40]
Overfull \hbox (66.95023pt too wide) in paragraph at lines 1426--1426
[]        \OT1/cmtt/m/n/12 s = (struct blacklist_item*)malloc(sizeof(struct blacklist_item));[] 
 []


Overfull \hbox (11.3752pt too wide) in paragraph at lines 1426--1426
[]    \OT1/cmtt/m/n/12 char blacklist_filename [4096] = "/tmp/pcap2sflow-blacklist";[] 
 []


Underfull \vbox (badness 10000) has occurred while \output is active []



Package Fancyhdr Warning: \headheight is too small (12.0pt): 
 Make it at least 14.49998pt.
 We now make it that large for the rest of the document.
 This may cause the page layout to be inconsistent, however.

[41]
Overfull \hbox (85.47523pt too wide) in paragraph at lines 1426--1426
[]        \OT1/cmtt/m/n/12 //reads all the lines and add them to the hashtable of blacklisted ip[] 
 []


Overfull \hbox (66.95023pt too wide) in paragraph at lines 1426--1426
[]        \OT1/cmtt/m/n/12 s = (struct blacklist_item*)malloc(sizeof(struct blacklist_item));[] 
 []


Package Fancyhdr Warning: \headheight is too small (12.0pt): 
 Make it at least 14.49998pt.
 We now make it that large for the rest of the document.
 This may cause the page layout to be inconsistent, however.

[42]

Package Fancyhdr Warning: \headheight is too small (12.0pt): 
 Make it at least 14.49998pt.
 We now make it that large for the rest of the document.
 This may cause the page layout to be inconsistent, however.

[43]

Package Fancyhdr Warning: \headheight is too small (12.0pt): 
 Make it at least 14.49998pt.
 We now make it that large for the rest of the document.
 This may cause the page layout to be inconsistent, however.

[44

]
Capitolo 3.
[45]
<images/ICTF-samp-vs-trunc.png, id=197, 872.25874pt x 512.91624pt>
File: images/ICTF-samp-vs-trunc.png Graphic file (type png)
<use images/ICTF-samp-vs-trunc.png>
Package pdftex.def Info: images/ICTF-samp-vs-trunc.png  used on input line 1496. on input line 1496.
Package pdftex.def Info: Requested size: 390.0pt x 229.33098pt on input line 1496.


LaTeX Warning: `!h' float specifier changed to `!ht'.

<images/ICTF--tunc-vs-samp.png, id=198, 852.18375pt x 498.86375pt>
File: images/ICTF--tunc-vs-samp.png Graphic file (type png)
<use images/ICTF--tunc-vs-samp.png>
Package pdftex.def Info: images/ICTF--tunc-vs-samp.png  used on input line 1504. on input line 1504.
Package pdftex.def Info: Requested size: 390.0pt x 228.30785pt on input line 1504.

LaTeX Warning: `!h' float specifier changed to `!ht'.

<images/ICTF-samp-vs-traffic.png, id=199, 892.33376pt x 534.99875pt>
File: images/ICTF-samp-vs-traffic.png Graphic file (type png)
<use images/ICTF-samp-vs-traffic.png>
Package pdftex.def Info: images/ICTF-samp-vs-traffic.png  used on input line 1519. on input line 1519.
Package pdftex.def Info: Requested size: 390.0pt x 233.82463pt on input line 1519.

Package Fancyhdr Warning: \headheight is too small (12.0pt): 
 Make it at least 14.49998pt.
 We now make it that large for the rest of the document.
 This may cause the page layout to be inconsistent, however.

[46]

LaTeX Warning: Text page 47 contains only floats.


Package Fancyhdr Warning: \headheight is too small (12.0pt): 
 Make it at least 14.49998pt.
 We now make it that large for the rest of the document.
 This may cause the page layout to be inconsistent, however.

[47 <./images/ICTF-samp-vs-trunc.png (PNG copy)> <./images/ICTF--tunc-vs-samp.png (PNG copy)>]
<images/ICTF-trunc-vs-traffic.png, id=206, 853.1875pt x 531.9875pt>
File: images/ICTF-trunc-vs-traffic.png Graphic file (type png)
<use images/ICTF-trunc-vs-traffic.png>
Package pdftex.def Info: images/ICTF-trunc-vs-traffic.png  used on input line 1527. on input line 1527.
Package pdftex.def Info: Requested size: 390.0pt x 243.18301pt on input line 1527.


LaTeX Warning: `!h' float specifier changed to `!ht'.

<images/ICTF-false-positives-mul.png, id=207, 887.315pt x 532.99126pt>
File: images/ICTF-false-positives-mul.png Graphic file (type png)
<use images/ICTF-false-positives-mul.png>
Package pdftex.def Info: images/ICTF-false-positives-mul.png  used on input line 1549. on input line 1549.
Package pdftex.def Info: Requested size: 390.0pt x 234.26476pt on input line 1549.

LaTeX Warning: `!h' float specifier changed to `!ht'.

<images/ICTF-top-signatures.png, id=208, 937.5025pt x 547.04375pt>
File: images/ICTF-top-signatures.png Graphic file (type png)
<use images/ICTF-top-signatures.png>
Package pdftex.def Info: images/ICTF-top-signatures.png  used on input line 1557. on input line 1557.
Package pdftex.def Info: Requested size: 390.0pt x 227.5615pt on input line 1557.

LaTeX Warning: `!h' float specifier changed to `!ht'.


Underfull \vbox (badness 2418) has occurred while \output is active []



Package Fancyhdr Warning: \headheight is too small (12.0pt): 
 Make it at least 14.49998pt.
 We now make it that large for the rest of the document.
 This may cause the page layout to be inconsistent, however.

[48 <./images/ICTF-samp-vs-traffic.png (PNG copy)>]

./extesi.tex:1574: LaTeX Error: Illegal character in array arg.

See the LaTeX manual or LaTeX Companion for explanation.
Type  H <return>  for immediate help.
 ...                                              
                                                  
l.1574   \begin{tabular}{| a | d | b | c |}
                                           
You're in trouble here.  Try typing  <return>  to proceed.
If that doesn't work, type  X <return>  to quit.


./extesi.tex:1574: LaTeX Error: Illegal character in array arg.

See the LaTeX manual or LaTeX Companion for explanation.
Type  H <return>  for immediate help.
 ...                                              
                                                  
l.1574   \begin{tabular}{| a | d | b | c |}
                                           
You're in trouble here.  Try typing  <return>  to proceed.
If that doesn't work, type  X <return>  to quit.


./extesi.tex:1574: LaTeX Error: Illegal character in array arg.

See the LaTeX manual or LaTeX Companion for explanation.
Type  H <return>  for immediate help.
 ...                                              
                                                  
l.1574   \begin{tabular}{| a | d | b | c |}
                                           
You're in trouble here.  Try typing  <return>  to proceed.
If that doesn't work, type  X <return>  to quit.


Package Fancyhdr Warning: \headheight is too small (12.0pt): 
 Make it at least 14.49998pt.
 We now make it that large for the rest of the document.
 This may cause the page layout to be inconsistent, however.

[49 <./images/ICTF-trunc-vs-traffic.png (PNG copy)>]

LaTeX Warning: Text page 50 contains only floats.


Package Fancyhdr Warning: \headheight is too small (12.0pt): 
 Make it at least 14.49998pt.
 We now make it that large for the rest of the document.
 This may cause the page layout to be inconsistent, however.

[50 <./images/ICTF-false-positives-mul.png (PNG copy)> <./images/ICTF-top-signatures.png (PNG copy)>]
<images/ICTF-time-alerts.png, id=218, 940.51375pt x 515.9275pt>
File: images/ICTF-time-alerts.png Graphic file (type png)
<use images/ICTF-time-alerts.png>
Package pdftex.def Info: images/ICTF-time-alerts.png  used on input line 1597. on input line 1597.
Package pdftex.def Info: Requested size: 390.0pt x 213.9406pt on input line 1597.


Package Fancyhdr Warning: \headheight is too small (12.0pt): 
 Make it at least 14.49998pt.
 We now make it that large for the rest of the document.
 This may cause the page layout to be inconsistent, however.

[51 <./images/ICTF-time-alerts.png (PNG copy)>]
<images/ICTF-forens-dest.png, id=223, 947.54pt x 516.93124pt>
File: images/ICTF-forens-dest.png Graphic file (type png)
<use images/ICTF-forens-dest.png>
Package pdftex.def Info: images/ICTF-forens-dest.png  used on input line 1623. on input line 1623.
Package pdftex.def Info: Requested size: 390.0pt x 212.7635pt on input line 1623.


Package Fancyhdr Warning: \headheight is too small (12.0pt): 
 Make it at least 14.49998pt.
 We now make it that large for the rest of the document.
 This may cause the page layout to be inconsistent, however.

[52 <./images/ICTF-forens-dest.png (PNG copy)>]

Package Fancyhdr Warning: \headheight is too small (12.0pt): 
 Make it at least 14.49998pt.
 We now make it that large for the rest of the document.
 This may cause the page layout to be inconsistent, however.

[53]
<images/DARPA-sampling-rate.png, id=230, 918.43124pt x 520.94624pt>
File: images/DARPA-sampling-rate.png Graphic file (type png)
<use images/DARPA-sampling-rate.png>
Package pdftex.def Info: images/DARPA-sampling-rate.png  used on input line 1657. on input line 1657.
Package pdftex.def Info: Requested size: 390.0pt x 221.21242pt on input line 1657.
<images/DARPA-troncamento.png, id=231, 908.39375pt x 519.9425pt>
File: images/DARPA-troncamento.png Graphic file (type png)
<use images/DARPA-troncamento.png>
Package pdftex.def Info: images/DARPA-troncamento.png  used on input line 1664. on input line 1664.
Package pdftex.def Info: Requested size: 390.0pt x 223.22977pt on input line 1664.


LaTeX Warning: `!h' float specifier changed to `!ht'.


Package Fancyhdr Warning: \headheight is too small (12.0pt): 
 Make it at least 14.49998pt.
 We now make it that large for the rest of the document.
 This may cause the page layout to be inconsistent, however.

[54

 <./images/DARPA-sampling-rate.png (PNG copy)>]

./extesi.tex:1682: LaTeX Error: Illegal character in array arg.

See the LaTeX manual or LaTeX Companion for explanation.
Type  H <return>  for immediate help.
 ...                                              
                                                  
l.1682 ...\begin{tabular}{ | a | b | b | c | d | }
                                                  
You're in trouble here.  Try typing  <return>  to proceed.
If that doesn't work, type  X <return>  to quit.


./extesi.tex:1682: LaTeX Error: Illegal character in array arg.

See the LaTeX manual or LaTeX Companion for explanation.
Type  H <return>  for immediate help.
 ...                                              
                                                  
l.1682 ...\begin{tabular}{ | a | b | b | c | d | }
                                                  
You're in trouble here.  Try typing  <return>  to proceed.
If that doesn't work, type  X <return>  to quit.


./extesi.tex:1682: LaTeX Error: Illegal character in array arg.

See the LaTeX manual or LaTeX Companion for explanation.
Type  H <return>  for immediate help.
 ...                                              
                                                  
l.1682 ...\begin{tabular}{ | a | b | b | c | d | }
                                                  
You're in trouble here.  Try typing  <return>  to proceed.
If that doesn't work, type  X <return>  to quit.


./extesi.tex:1682: LaTeX Error: Illegal character in array arg.

See the LaTeX manual or LaTeX Companion for explanation.
Type  H <return>  for immediate help.
 ...                                              
                                                  
l.1682 ...\begin{tabular}{ | a | b | b | c | d | }
                                                  
You're in trouble here.  Try typing  <return>  to proceed.
If that doesn't work, type  X <return>  to quit.


Package Fancyhdr Warning: \headheight is too small (12.0pt): 
 Make it at least 14.49998pt.
 We now make it that large for the rest of the document.
 This may cause the page layout to be inconsistent, however.

[55 <./images/DARPA-troncamento.png (PNG copy)>]
<images/DARPA-time.png, id=238, 925.4575pt x 519.9425pt>
File: images/DARPA-time.png Graphic file (type png)
<use images/DARPA-time.png>
Package pdftex.def Info: images/DARPA-time.png  used on input line 1706. on input line 1706.
Package pdftex.def Info: Requested size: 390.0pt x 219.1122pt on input line 1706.


Package Fancyhdr Warning: \headheight is too small (12.0pt): 
 Make it at least 14.49998pt.
 We now make it that large for the rest of the document.
 This may cause the page layout to be inconsistent, however.

[56 <./images/DARPA-time.png>]

./extesi.tex:1725: LaTeX Error: Illegal character in array arg.

See the LaTeX manual or LaTeX Companion for explanation.
Type  H <return>  for immediate help.
 ...                                              
                                                  
l.1725   \begin{tabular}{| a | d | b |}
                                       
You're in trouble here.  Try typing  <return>  to proceed.
If that doesn't work, type  X <return>  to quit.


./extesi.tex:1725: LaTeX Error: Illegal character in array arg.

See the LaTeX manual or LaTeX Companion for explanation.
Type  H <return>  for immediate help.
 ...                                              
                                                  
l.1725   \begin{tabular}{| a | d | b |}
                                       
You're in trouble here.  Try typing  <return>  to proceed.
If that doesn't work, type  X <return>  to quit.


./extesi.tex:1725: LaTeX Error: Illegal character in array arg.

See the LaTeX manual or LaTeX Companion for explanation.
Type  H <return>  for immediate help.
 ...                                              
                                                  
l.1725   \begin{tabular}{| a | d | b |}
                                       
You're in trouble here.  Try typing  <return>  to proceed.
If that doesn't work, type  X <return>  to quit.


Package Fancyhdr Warning: \headheight is too small (12.0pt): 
 Make it at least 14.49998pt.
 We now make it that large for the rest of the document.
 This may cause the page layout to be inconsistent, however.

[57

]
Overfull \hbox (11.3752pt too wide) in paragraph at lines 1760--1760
[]  \OT1/cmtt/m/n/12 alert udp any any -> $HOME_NET 161 (msg:"ET DOS CTU-13 Botnet";[] 
 []


Overfull \hbox (11.3752pt too wide) in paragraph at lines 1760--1760
[]  \OT1/cmtt/m/n/12 content:"|cb f5 ab 86 05|"; depth:5; threshold: type threshold,[] 
 []

<images/CTU-time.png, id=247, 945.5325pt x 479.7925pt>
File: images/CTU-time.png Graphic file (type png)
<use images/CTU-time.png>
Package pdftex.def Info: images/CTU-time.png  used on input line 1768. on input line 1768.
Package pdftex.def Info: Requested size: 390.0pt x 197.90219pt on input line 1768.

Package Fancyhdr Warning: \headheight is too small (12.0pt): 
 Make it at least 14.49998pt.
 We now make it that large for the rest of the document.
 This may cause the page layout to be inconsistent, however.

[58 <./images/CTU-time.png (PNG copy)>]
<images/ICTF-adapt-on-samp.png, id=251, 811.03pt x 516.93124pt>
File: images/ICTF-adapt-on-samp.png Graphic file (type png)
<use images/ICTF-adapt-on-samp.png>
Package pdftex.def Info: images/ICTF-adapt-on-samp.png  used on input line 1793. on input line 1793.
Package pdftex.def Info: Requested size: 227.62204pt x 145.07893pt on input line 1793.
<images/ICTF-adapt-on-traff.png, id=252, 830.10126pt x 518.93875pt>
File: images/ICTF-adapt-on-traff.png Graphic file (type png)
<use images/ICTF-adapt-on-traff.png>
Package pdftex.def Info: images/ICTF-adapt-on-traff.png  used on input line 1800. on input line 1800.
Package pdftex.def Info: Requested size: 227.62204pt x 142.29288pt on input line 1800.


LaTeX Warning: `!h' float specifier changed to `!ht'.


./extesi.tex:1810: LaTeX Error: Illegal character in array arg.

See the LaTeX manual or LaTeX Companion for explanation.
Type  H <return>  for immediate help.
 ...                                              
                                                  
l.1810   \begin{tabular}{| a | d | b | c | e |}
                                               
You're in trouble here.  Try typing  <return>  to proceed.
If that doesn't work, type  X <return>  to quit.


./extesi.tex:1810: LaTeX Error: Illegal character in array arg.

See the LaTeX manual or LaTeX Companion for explanation.
Type  H <return>  for immediate help.
 ...                                              
                                                  
l.1810   \begin{tabular}{| a | d | b | c | e |}
                                               
You're in trouble here.  Try typing  <return>  to proceed.
If that doesn't work, type  X <return>  to quit.


./extesi.tex:1810: LaTeX Error: Illegal character in array arg.

See the LaTeX manual or LaTeX Companion for explanation.
Type  H <return>  for immediate help.
 ...                                              
                                                  
l.1810   \begin{tabular}{| a | d | b | c | e |}
                                               
You're in trouble here.  Try typing  <return>  to proceed.
If that doesn't work, type  X <return>  to quit.


./extesi.tex:1810: LaTeX Error: Illegal character in array arg.

See the LaTeX manual or LaTeX Companion for explanation.
Type  H <return>  for immediate help.
 ...                                              
                                                  
l.1810   \begin{tabular}{| a | d | b | c | e |}
                                               
You're in trouble here.  Try typing  <return>  to proceed.
If that doesn't work, type  X <return>  to quit.


Overfull \hbox (5.64374pt too wide) in paragraph at lines 1810--1817
 [] 
 []


Package Fancyhdr Warning: \headheight is too small (12.0pt): 
 Make it at least 14.49998pt.
 We now make it that large for the rest of the document.
 This may cause the page layout to be inconsistent, however.

[59

 <./images/ICTF-adapt-on-samp.png (PNG copy)>]

Package Fancyhdr Warning: \headheight is too small (12.0pt): 
 Make it at least 14.49998pt.
 We now make it that large for the rest of the document.
 This may cause the page layout to be inconsistent, however.

[60 <./images/ICTF-adapt-on-traff.png (PNG copy)>]

Package Fancyhdr Warning: \headheight is too small (12.0pt): 
 Make it at least 14.49998pt.
 We now make it that large for the rest of the document.
 This may cause the page layout to be inconsistent, however.

[61] [62


] [63

]

Package Fancyhdr Warning: \headheight is too small (12.0pt): 
 Make it at least 14.49998pt.
 We now make it that large for the rest of the document.
 This may cause the page layout to be inconsistent, however.

[64

]
Appendice A.

Overfull \hbox (23.7252pt too wide) in paragraph at lines 1955--1955
[]\OT1/cmtt/m/n/12 alert tcp $HOME_NET any -> $HOME_NET 80 (msg:"HTTP Scan attempted";[] 
 []


Overfull \hbox (60.77522pt too wide) in paragraph at lines 1955--1955
[]  \OT1/cmtt/m/n/12 flow:to_server; fragoffset:0; fragbits:!D; ack:0; flags:S; window:2048;[] 
 []


Overfull \hbox (85.47523pt too wide) in paragraph at lines 1955--1955
[]\OT1/cmtt/m/n/12 alert icmp $EXTERNAL_NET any -> $HOME_NET any (msg:"ICMP Scan Echo"; itype:8;[] 
 []


Overfull \hbox (79.30023pt too wide) in paragraph at lines 1955--1955
[]  \OT1/cmtt/m/n/12 icode:0; fragbits:!D; content:"|00 00 00 00 00 00 00 00 00 00|"; depth:10;[] 
 []


Overfull \hbox (54.60022pt too wide) in paragraph at lines 1955--1955
[]  \OT1/cmtt/m/n/12 icmp_id:0; icmp_seq:0; ttl:254; classtype:attempted-recon; priority:3;[] 
 []


Overfull \hbox (79.30023pt too wide) in paragraph at lines 1955--1955
[]\OT1/cmtt/m/n/12 alert tcp $EXTERNAL_NET any -> $HOME_NET 79 (msg: "Figer 0 query attempted";[] 
 []


Overfull \hbox (91.65024pt too wide) in paragraph at lines 1955--1955
[]  \OT1/cmtt/m/n/12 content:"0"; flow: to_server,established; fragoffset:0; fragbits:D; flags:A;[] 
 []


Overfull \hbox (36.07521pt too wide) in paragraph at lines 1955--1955
[]\OT1/cmtt/m/n/12 alert tcp $EXTERNAL_NET any -> $HOME_NET 53 (msg: "DNS request name";[] 
 []


Overfull \hbox (54.60022pt too wide) in paragraph at lines 1955--1955
[]  \OT1/cmtt/m/n/12 flow:to_server,established; content:"|00 fc 00 01|"; nocase; depth: 4;[] 
 []


Overfull \hbox (11.3752pt too wide) in paragraph at lines 1955--1955
[]  \OT1/cmtt/m/n/12 metadata:service dns; classtype:   attempted-recon; priority:3;[] 
 []


Overfull \hbox (73.12523pt too wide) in paragraph at lines 1955--1955
[]\OT1/cmtt/m/n/12 alert tcp $EXTERNAL_NET any -> $HOME_NET 21 (msg: "FTP Request connection";[] 
 []


Overfull \hbox (36.07521pt too wide) in paragraph at lines 1955--1955
[]  \OT1/cmtt/m/n/12 flow:to_server,established;   content:"quit"; flags:AP; fragbits:D;[] 
 []


Overfull \hbox (79.30023pt too wide) in paragraph at lines 1955--1955
[]\OT1/cmtt/m/n/12 alert tcp $EXTERNAL_NET any -> $HOME_NET 25  (msg: "SMTP Scan attempted OS";[] 
 []


Overfull \hbox (42.25021pt too wide) in paragraph at lines 1955--1955
[]  \OT1/cmtt/m/n/12 flow:to_server; ack:0;  flags:S; fragoffset:0; window:4660; ttl:254;[] 
 []

[65]
Overfull \hbox (5.2002pt too wide) in paragraph at lines 1955--1955
[]  \OT1/cmtt/m/n/12 metadata:service  smtp; classtype:attempted-recon; priority:3;[] 
 []


Overfull \hbox (91.65024pt too wide) in paragraph at lines 1955--1955
[]\OT1/cmtt/m/n/12 alert tcp $EXTERNAL_NET any -> $HOME_NET 25  (msg: " SMTP Scan attempted OS ";[] 
 []


Overfull \hbox (48.42522pt too wide) in paragraph at lines 1955--1955
[]  \OT1/cmtt/m/n/12 flow:to_server; ack:0;  flags:AS; fragoffset:0; window:4660; ttl:254;[] 
 []


Overfull \hbox (5.2002pt too wide) in paragraph at lines 1955--1955
[]  \OT1/cmtt/m/n/12 metadata:service  smtp; classtype:attempted-recon; priority:3;[] 
 []


Overfull \hbox (91.65024pt too wide) in paragraph at lines 1955--1955
[]\OT1/cmtt/m/n/12 alert tcp $EXTERNAL_NET any -> $HOME_NET 25  (msg: " SMTP Scan attempted OS ";[] 
 []


Overfull \hbox (42.25021pt too wide) in paragraph at lines 1955--1955
[]  \OT1/cmtt/m/n/12 flow:to_server; ack:0;  flags:F; fragoffset:0; window:4660; ttl:254;[] 
 []


Overfull \hbox (5.2002pt too wide) in paragraph at lines 1955--1955
[]  \OT1/cmtt/m/n/12 metadata:service  smtp; classtype:attempted-recon; priority:3;[] 
 []


Overfull \hbox (91.65024pt too wide) in paragraph at lines 1955--1955
[]\OT1/cmtt/m/n/12 alert tcp $EXTERNAL_NET any -> $HOME_NET 25  (msg: " SMTP Scan attempted OS ";[] 
 []


Overfull \hbox (48.42522pt too wide) in paragraph at lines 1955--1955
[]  \OT1/cmtt/m/n/12 flow:to_server; ack:0;  flags:AF; fragoffset:0; window:4660; ttl:254;[] 
 []


Overfull \hbox (5.2002pt too wide) in paragraph at lines 1955--1955
[]  \OT1/cmtt/m/n/12 metadata:service  smtp; classtype:attempted-recon; priority:3;[] 
 []


Overfull \hbox (91.65024pt too wide) in paragraph at lines 1955--1955
[]\OT1/cmtt/m/n/12 alert tcp $EXTERNAL_NET any -> $HOME_NET 25  (msg: " SMTP Scan attempted OS ";[] 
 []


Overfull \hbox (42.25021pt too wide) in paragraph at lines 1955--1955
[] \OT1/cmtt/m/n/12 flow:to_server; ack:0;  flags:SF; fragoffset:0; window:4660; ttl:254;[] 
 []


Overfull \hbox (85.47523pt too wide) in paragraph at lines 1955--1955
[] \OT1/cmtt/m/n/12 metadata:service  smtp; classtype:attempted-recon; priority:3; sid:1000044;)[] 
 []


Overfull \hbox (91.65024pt too wide) in paragraph at lines 1955--1955
[]\OT1/cmtt/m/n/12 alert tcp $EXTERNAL_NET any -> $HOME_NET 25  (msg: " SMTP Scan attempted OS ";[] 
 []


Overfull \hbox (42.25021pt too wide) in paragraph at lines 1955--1955
[]  \OT1/cmtt/m/n/12 flow:to_server; ack:0;  flags:P; fragoffset:0; window:4660; ttl:254;[] 
 []


Overfull \hbox (91.65024pt too wide) in paragraph at lines 1955--1955
[]  \OT1/cmtt/m/n/12 metadata:service  smtp; classtype:attempted-recon; priority:3; sid:1000045;)[] 
 []


Overfull \hbox (85.47523pt too wide) in paragraph at lines 1955--1955
[]\OT1/cmtt/m/n/12 alert tcp $EXTERNAL_NET any -> $HOME_NET 25  (msg: " SMTP Scan attempted OS";[] 
 []


Overfull \hbox (54.60022pt too wide) in paragraph at lines 1955--1955
[]  \OT1/cmtt/m/n/12 flow:to_server; ack:0;  flags:CES; fragoffset:0; window:4660; ttl:254;[] 
 []


Overfull \hbox (91.65024pt too wide) in paragraph at lines 1955--1955
[]  \OT1/cmtt/m/n/12 metadata:service  smtp; classtype:attempted-recon; priority:3; sid:1000046;)[] 
 []


Package Fancyhdr Warning: \headheight is too small (12.0pt): 
 Make it at least 14.49998pt.
 We now make it that large for the rest of the document.
 This may cause the page layout to be inconsistent, however.

[66]
Appendice B.
[67

]

Package Fancyhdr Warning: \headheight is too small (12.0pt): 
 Make it at least 14.49998pt.
 We now make it that large for the rest of the document.
 This may cause the page layout to be inconsistent, however.

[68

]

./extesi.tex:1977: Package inputenc Error: Keyboard character used is undefined
(inputenc)                in inputencoding `latin1'.

See the inputenc package documentation for explanation.
Type  H <return>  for immediate help.
 ...                                              
                                                  
l.1977 \bibitem{K4} "NIST 
                             Guide to Intrusion Detection and Prevention Sy...
You need to provide a definition with \DeclareInputText 
or \DeclareInputMath before using this key.


./extesi.tex:1977: Package inputenc Error: Keyboard character used is undefined
(inputenc)                in inputencoding `latin1'.

See the inputenc package documentation for explanation.
Type  H <return>  for immediate help.
 ...                                              
                                                  
l.1977 \bibitem{K4} "NIST 
                              Guide to Intrusion Detection and Prevention Sy...
You need to provide a definition with \DeclareInputText 
or \DeclareInputMath before using this key.


Underfull \hbox (badness 10000) in paragraph at lines 1982--1983
[]\OT1/cmr/m/n/12 PF[]RING, https://www.ntop.org/products/packet-capture/pf[]ring/
 []

./extesi.tex:1987: Misplaced alignment tab character &.
l.1987 ...nd IPFIX". IEEE Communications Surveys &
                                                   Tutorials. IEEE Communica...
I can't figure out why you would want to use a tab mark
here. If you just want an ampersand, the remedy is
simple: Just type `I\&' now. But if some right brace
up above has ended a previous alignment prematurely,
you're probably due for more error messages, and you
might try typing `S' now just to see what is salvageable.

[69]
Underfull \hbox (badness 10000) in paragraph at lines 1988--1989
[]\OT1/cmr/m/n/12 Scalability and ac-cu-ra-cy of pac-ket sam-pling,
 []


Underfull \hbox (badness 10000) in paragraph at lines 1988--1989
\OT1/cmr/m/n/12 http://blog.sflow.com/2009/05/scalability-and-accuracy-of-packet.html
 []


Underfull \hbox (badness 10000) in paragraph at lines 1993--1994
[]\OT1/cmr/m/n/12 DB-engines, https://db-engines.com/en/ranking/search+engine ,
 []


Underfull \hbox (badness 10000) in paragraph at lines 1994--1995
[]\OT1/cmr/m/n/12 SCADA STA-TI-STICS MO-NI-TO-RING USING THE Ela-stic
 []


Underfull \hbox (badness 4582) in paragraph at lines 1994--1995
\OT1/cmr/m/n/12 Stack(Elasticsearch, Log-stash, Ki-ba-na), Ja-mes Ha-mil-ton, Brad
 []


Underfull \hbox (badness 1910) in paragraph at lines 1994--1995
\OT1/cmr/m/n/12 Scho-field, Ma-nuel Gon-za-lez Ber-ges, Jean-Charles Tour-nier-CERN,
 []


Underfull \hbox (badness 10000) in paragraph at lines 2000--2001
[]\OT1/cmr/m/n/12 CTU-13 Da-ta-set, https://mcfp.weebly.com/the-ctu-13-dataset-a-
 []


Underfull \hbox (badness 10000) in paragraph at lines 2000--2001
\OT1/cmr/m/n/12 labeled-dataset-with-botnet-normal-and-background-traffic.html ,
 []


Package Fancyhdr Warning: \headheight is too small (12.0pt): 
 Make it at least 14.49998pt.
 We now make it that large for the rest of the document.
 This may cause the page layout to be inconsistent, however.

[70]
Underfull \hbox (badness 10000) in paragraph at lines 2003--2004
\OT1/cmr/m/n/12 https://www.elastic.co/guide/en/elasticsearch/reference/current/tune-
 []


Overfull \hbox (9.82224pt too wide) in paragraph at lines 2004--2005
\OT1/cmr/m/n/12 https://www.elastic.co/guide/en/elasticsearch/reference/current/indices-
 []


Underfull \hbox (badness 10000) in paragraph at lines 2005--2006
\OT1/cmr/m/n/12 https://docs.oracle.com/cd/E26217[]01/E26796/html/qs-create-
 []


Underfull \hbox (badness 10000) in paragraph at lines 2006--2007
[]\OT1/cmr/m/n/12 Install De-bian, https://www.debian.org/releases/jessie/amd64/ ,
 []


Underfull \hbox (badness 10000) in paragraph at lines 2008--2009
\OT1/cmr/m/n/12 https://www.elastic.co/guide/en/elasticsearch/guide/current/inverted-
 []

./extesi.tex:2010: Misplaced alignment tab character &.
l.2010 \bibitem{EXP15} Khamphakdee, Nattawat &
                                               Benjamas, Nunnapus & Saiyod, ...
I can't figure out why you would want to use a tab mark
here. If you just want an ampersand, the remedy is
simple: Just type `I\&' now. But if some right brace
up above has ended a previous alignment prematurely,
you're probably due for more error messages, and you
might try typing `S' now just to see what is salvageable.

./extesi.tex:2010: Misplaced alignment tab character &.
l.2010 ...phakdee, Nattawat & Benjamas, Nunnapus &
                                                   Saiyod, Saiyan. (2014). I...
I can't figure out why you would want to use a tab mark
here. If you just want an ampersand, the remedy is
simple: Just type `I\&' now. But if some right brace
up above has ended a previous alignment prematurely,
you're probably due for more error messages, and you
might try typing `S' now just to see what is salvageable.


Underfull \hbox (badness 1117) in paragraph at lines 2010--2011
[]\OT1/cmr/m/n/12 Khamphakdee, Nat-ta-wat  Be-n-ja-mas, Nun-na-pus  Saiyod, Saiyan.
 []


Package Fancyhdr Warning: \headheight is too small (12.0pt): 
 Make it at least 14.49998pt.
 We now make it that large for the rest of the document.
 This may cause the page layout to be inconsistent, however.

[71]

Package Fancyhdr Warning: \headheight is too small (12.0pt): 
 Make it at least 14.49998pt.
 We now make it that large for the rest of the document.
 This may cause the page layout to be inconsistent, however.

[72] [73



] (./extesi.aux)

LaTeX Warning: There were multiply-defined labels.

 ) 
Here is how much of TeX's memory you used:
 5599 strings out of 492985
 77413 string characters out of 6138637
 153125 words of memory out of 5000000
 9012 multiletter control sequences out of 15000+600000
 15925 words of font info for 65 fonts, out of 8000000 for 9000
 1143 hyphenation exceptions out of 8191
 41i,11n,43p,792b,413s stack positions out of 5000i,500n,10000p,200000b,80000s
</usr/share/texmf-dist/fonts/type1/public/amsfonts/cm/cmbx12.pfb></usr/share/texmf-dist/fonts/type1/public/amsfonts/cm/cmbx9.pfb></usr/share/texmf-dist/fonts/type1/public/amsfonts/cm/cmbxti10.pfb></usr/share/texmf-dist/fonts/type1/public/amsfonts/cm/cmex10.pfb></usr/share/texmf-dist/fonts/type1/public/amsfonts/cm/cmmi12.pfb></usr/share/texmf-dist/fonts/type1/public/amsfonts/cm/cmmi8.pfb></usr/share/texmf-dist/fonts/type1/public/amsfonts/cm/cmr10.pfb></usr/share/texmf-dist/fonts/type1/public/amsfonts/cm/cmr12.pfb></usr/share/texmf-dist/fonts/type1/public/amsfonts/cm/cmr7.pfb></usr/share/texmf-dist/fonts/type1/public/amsfonts/cm/cmr8.pfb></usr/share/texmf-dist/fonts/type1/public/amsfonts/cm/cmr9.pfb></usr/share/texmf-dist/fonts/type1/public/amsfonts/cm/cmsy10.pfb></usr/share/texmf-dist/fonts/type1/public/amsfonts/cm/cmti12.pfb></usr/share/texmf-dist/fonts/type1/public/amsfonts/cm/cmtt12.pfb>
Output written on extesi.pdf (83 pages, 1060053 bytes).
PDF statistics:
 354 PDF objects out of 1000 (max. 8388607)
 228 compressed objects within 3 object streams
 0 named destinations out of 1000 (max. 500000)
 111 words of extra memory for PDF output out of 10000 (max. 10000000)

